<?xml version="1.0" encoding="UTF-8"?><testsuite failures="0" name="cucumber.runtime.formatter.JUnitFormatter" skipped="1" tests="5" time="491.345732">
<testcase classname="I verify Where possible please specify the retention period applied to personal data on your application and its basis is added." name="Creating a New Application" time="121.910468">
<system-out><![CDATA[Given Asset Insight Home page should be displayed...........................passed
Then I click on the "Technology" in the homepage............................passed
Then I verify the respective "Technology" page is displayed.................passed
Then I create New Application in the Technology page for below mandatory fields.passed
Then I click on "SAVE/VALIDATE" button......................................passed
]]></system-out>
</testcase>
<testcase classname="I verify Where possible please specify the retention period applied to personal data on your application and its basis is added." name="I Verify new New field in the Existing Application" time="156.577273">
<system-out><![CDATA[Given Asset Insight Home page should be displayed...........................passed
Then I click on the "Technology" in the homepage............................passed
Then I verify the respective "Technology" page is displayed.................passed
Then I click on the "Applications" present in the Technology page...........passed
And I select any Existing Application present in the Result Page............passed
And I click on "Edit This Record" Details Page..............................passed
And I click on "Data Governance" tab........................................passed
Then I verify "Where possible please specify the retention period applied to personal data on your application and its basis" field present in the Data Governance page.passed
And I Check the type of "Where possible please specify the retention period applied to personal data on your application and its basis" filed in the Data Governance page.passed
And I verify that field type of "Where possible please specify the retention period applied to personal data on your application and its basis" should be same as Existing filed "Data Sensitive to Hosting Context Description Customer" type in the Data Governance page.passed
And I verify that it should not a mandatory field...........................passed
And I verify that Character limit for this field should be 512 characters...passed
Then I Verify if the limit exceeds a validation message should get displayed.passed
Then I verify that "Help text" should be displayed below the text field.....passed
Then I click on "Save/Validate" button......................................passed
And I click on "Audit history"..............................................passed
And I verify Updated field should get displayed in the Audit History tab....passed
Then I click on "Back to detail" button respective application details page should be displayed.passed
Then I verify Updated field should get displayed in the Data Governance tab present in the Details page.passed
]]></system-out>
</testcase>
<testcase classname="I verify Where possible please specify the retention period applied to personal data on your application and its basis is added." name="I verify Excel should be downloaded with the updated values" time="75.268089">
<system-out><![CDATA[Given Asset Insight Home page should be displayed...........................passed
Then I click on the "Technology" in the homepage............................passed
Then I verify the respective "Technology" page is displayed.................passed
Then I click on the "Applications" present in the Technology page...........passed
And I click on "export to Excel" button and Excel should be downloaded......passed
]]></system-out>
</testcase>
<testcase classname="I verify Where possible please specify the retention period applied to personal data on your application and its basis is added." name="Verifying Downloaded Excel data with GUI" time="46.603319">
<system-out><![CDATA[Given I navigate to URL "https://assetsdev.int.thomsonreuters.com/Technology/tgo".passed
When I click on Application- Full Extract should be downloaded..............passed
]]></system-out>
</testcase>
<testcase classname="I verify Where possible please specify the retention period applied to personal data on your application and its basis is added." name="Navigating To The AssetInsight HomePage" time="90.986583">
<skipped><![CDATA[Given Asset Insight Home page should be displayed...........................passed
Then I click on the "Technology" in the homepage............................passed
Then I verify the respective "Technology" page is displayed.................passed
Then I click on the "Applications" present in the Technology page...........passed
And I select any Existing Application present in the Result Page............passed
Then I verify that excel document "./Excel/Technology-Application.xlsx" with sheet name "Technology" , row number "1" and cell number "59" in report page and downloaded excel report are matching.undefined
]]></skipped>
</testcase>
</testsuite>
